<?xml version="1.0" encoding="UTF-8"?>
<!-- Generated by org.testng.reporters.JUnitReportReporter -->
<testsuite hostname="DESKTOP-6VJRPAF" failures="0" tests="1" name="com.suwprojectTestCases.indexpagetest" time="5.822" errors="0" timestamp="2024-03-04T18:10:43 IST" skipped="0">
  <testcase classname="com.suwprojectTestCases.indexpagetest" name="VerifyUrl" time="5.822"/>
</testsuite> <!-- com.suwprojectTestCases.indexpagetest -->
