<?xml version="1.0" encoding="UTF-8"?>
<!-- Generated by org.testng.reporters.JUnitReportReporter -->
<testsuite hostname="DESKTOP-6VJRPAF" failures="0" tests="1" name="com.suwprojectTestCases.loginpagetest" time="13.440" errors="0" timestamp="2024-05-13T12:21:38 IST" skipped="0">
  <testcase classname="com.suwprojectTestCases.loginpagetest" name="loginTest" time="13.440"/>
</testsuite> <!-- com.suwprojectTestCases.loginpagetest -->
