<?xml version="1.0" encoding="UTF-8"?>
<!-- Generated by org.testng.reporters.JUnitReportReporter -->
<testsuite hostname="DESKTOP-6VJRPAF" failures="0" tests="2" name="com.suwprojectTestCases.indexpagetest" time="22.382" errors="0" timestamp="2024-03-27T15:45:55 IST" skipped="0">
  <testcase classname="com.suwprojectTestCases.indexpagetest" name="verifyimage" time="14.751"/>
  <testcase classname="com.suwprojectTestCases.indexpagetest" name="VerifyUrl" time="7.631"/>
</testsuite> <!-- com.suwprojectTestCases.indexpagetest -->
